<?xml version="1.0" encoding="UTF-8"?>
<!-- Generated by org.testng.reporters.JUnitReportReporter -->
<testsuite skipped="0" hostname="DESKTOP-4CUQ89R" name="mainPackage.mainClass" tests="1" failures="0" timestamp="22 Apr 2018 15:16:48 GMT" time="0.169" errors="0">
  <testcase name="testingFramework" time="0.169" classname="mainPackage.mainClass"/>
</testsuite> <!-- mainPackage.mainClass -->
