<?xml version="1.0" encoding="UTF-8"?>
<!-- Generated by org.testng.reporters.JUnitReportReporter -->
<testsuite skipped="0" hostname="DESKTOP-4CUQ89R" name="mainPackage.AnnotationPrec" tests="2" failures="0" timestamp="24 Apr 2018 15:33:41 GMT" time="0.009" errors="0">
  <testcase name="myTest" time="0.007" classname="mainPackage.AnnotationPrec"/>
  <testcase name="myTest2" time="0.002" classname="mainPackage.AnnotationPrec"/>
</testsuite> <!-- mainPackage.AnnotationPrec -->
