<?xml version="1.0" encoding="UTF-8"?>
<!-- Generated by org.testng.reporters.JUnitReportReporter -->
<testsuite skipped="0" hostname="DESKTOP-4CUQ89R" name="mainPackage.SkipTesting" tests="2" failures="0" timestamp="29 Apr 2018 15:44:53 GMT" time="0.000" errors="0">
  <testcase name="disableTest" time="0.000" classname="mainPackage.SkipTesting"/>
  <testcase name="disable2Test" time="0.000" classname="mainPackage.SkipTesting"/>
</testsuite> <!-- mainPackage.SkipTesting -->
