<?xml version="1.0" encoding="UTF-8"?>
<!-- Generated by org.testng.reporters.JUnitReportReporter -->
<testsuite skipped="0" hostname="DESKTOP-4CUQ89R" name="mainPackage.mainClass" tests="1" failures="0" timestamp="24 Apr 2018 03:39:31 GMT" time="0.428" errors="0">
  <testcase name="testingFramework" time="0.428" classname="mainPackage.mainClass"/>
</testsuite> <!-- mainPackage.mainClass -->
