<?xml version="1.0" encoding="UTF-8"?>
<!-- Generated by org.testng.reporters.JUnitReportReporter -->
<testsuite skipped="0" hostname="DESKTOP-4CUQ89R" name="Functions.Hardcodedfunction" tests="1" failures="0" timestamp="27 Apr 2018 01:28:01 GMT" time="14.128" errors="0">
  <testcase name="hardCoded" time="14.128" classname="Functions.Hardcodedfunction"/>
</testsuite> <!-- Functions.Hardcodedfunction -->
