<?xml version="1.0" encoding="UTF-8"?>
<!-- Generated by org.testng.reporters.JUnitReportReporter -->
<testsuite skipped="0" hostname="DESKTOP-4CUQ89R" name="mainPackage.AnnotationPractice" tests="1" failures="0" timestamp="25 Apr 2018 01:21:30 GMT" time="0.007" errors="0">
  <testcase name="FirstTest" time="0.007" classname="mainPackage.AnnotationPractice"/>
</testsuite> <!-- mainPackage.AnnotationPractice -->
